This is pdfTeX, Version 3.14159265-2.6-1.40.20 (TeX Live 2019) (preloaded format=pdflatex 2020.3.8)  23 MAR 2020 11:47
entering extended mode
 restricted \write18 enabled.
 file:line:error style messages enabled.
 %&-line parsing enabled.
**main.tex
(./main.tex
LaTeX2e <2018-12-01>
(/usr/share/texlive/texmf-dist/tex/latex/base/article.cls
Document Class: article 2018/09/03 v1.4i Standard LaTeX document class
(/usr/share/texlive/texmf-dist/tex/latex/base/size10.clo
File: size10.clo 2018/09/03 v1.4i Standard LaTeX file (size option)
)
\c@part=\count80
\c@section=\count81
\c@subsection=\count82
\c@subsubsection=\count83
\c@paragraph=\count84
\c@subparagraph=\count85
\c@figure=\count86
\c@table=\count87
\abovecaptionskip=\skip41
\belowcaptionskip=\skip42
\bibindent=\dimen102
)
(/usr/share/texlive/texmf-dist/tex/latex/geometry/geometry.sty
Package: geometry 2018/04/16 v5.8 Page Geometry

(/usr/share/texlive/texmf-dist/tex/latex/graphics/keyval.sty
Package: keyval 2014/10/28 v1.15 key=value parser (DPC)
\KV@toks@=\toks14
)
(/usr/share/texlive/texmf-dist/tex/generic/oberdiek/ifpdf.sty
Package: ifpdf 2018/09/07 v3.3 Provides the ifpdf switch
)
(/usr/share/texlive/texmf-dist/tex/generic/oberdiek/ifvtex.sty
Package: ifvtex 2016/05/16 v1.6 Detect VTeX and its facilities (HO)
Package ifvtex Info: VTeX not detected.
)
(/usr/share/texlive/texmf-dist/tex/generic/ifxetex/ifxetex.sty
Package: ifxetex 2010/09/12 v0.6 Provides ifxetex conditional
)
\Gm@cnth=\count88
\Gm@cntv=\count89
\c@Gm@tempcnt=\count90
\Gm@bindingoffset=\dimen103
\Gm@wd@mp=\dimen104
\Gm@odd@mp=\dimen105
\Gm@even@mp=\dimen106
\Gm@layoutwidth=\dimen107
\Gm@layoutheight=\dimen108
\Gm@layouthoffset=\dimen109
\Gm@layoutvoffset=\dimen110
\Gm@dimlist=\toks15
)
(/usr/share/texlive/texmf-dist/tex/latex/graphics/graphicx.sty
Package: graphicx 2017/06/01 v1.1a Enhanced LaTeX Graphics (DPC,SPQR)

(/usr/share/texlive/texmf-dist/tex/latex/graphics/graphics.sty
Package: graphics 2017/06/25 v1.2c Standard LaTeX Graphics (DPC,SPQR)

(/usr/share/texlive/texmf-dist/tex/latex/graphics/trig.sty
Package: trig 2016/01/03 v1.10 sin cos tan (DPC)
)
(/usr/share/texlive/texmf-dist/tex/latex/graphics-cfg/graphics.cfg
File: graphics.cfg 2016/06/04 v1.11 sample graphics configuration
)
Package graphics Info: Driver file: pdftex.def on input line 99.

(/usr/share/texlive/texmf-dist/tex/latex/graphics-def/pdftex.def
File: pdftex.def 2018/01/08 v1.0l Graphics/color driver for pdftex
))
\Gin@req@height=\dimen111
\Gin@req@width=\dimen112
)
(/usr/share/texlive/texmf-dist/tex/latex/listings/listings.sty
\lst@mode=\count91
\lst@gtempboxa=\box27
\lst@token=\toks16
\lst@length=\count92
\lst@currlwidth=\dimen113
\lst@column=\count93
\lst@pos=\count94
\lst@lostspace=\dimen114
\lst@width=\dimen115
\lst@newlines=\count95
\lst@lineno=\count96
\lst@maxwidth=\dimen116

(/usr/share/texlive/texmf-dist/tex/latex/listings/lstmisc.sty
File: lstmisc.sty 2019/02/27 1.8b (Carsten Heinz)
\c@lstnumber=\count97
\lst@skipnumbers=\count98
\lst@framebox=\box28
)
(/usr/share/texlive/texmf-dist/tex/latex/listings/listings.cfg
File: listings.cfg 2019/02/27 1.8b listings configuration
))
Package: listings 2019/02/27 1.8b (Carsten Heinz)

(/usr/share/texlive/texmf-dist/tex/latex/xcolor/xcolor.sty
Package: xcolor 2016/05/11 v2.12 LaTeX color extensions (UK)

(/usr/share/texlive/texmf-dist/tex/latex/graphics-cfg/color.cfg
File: color.cfg 2016/01/02 v1.6 sample color configuration
)
Package xcolor Info: Driver file: pdftex.def on input line 225.
Package xcolor Info: Model `cmy' substituted by `cmy0' on input line 1348.
Package xcolor Info: Model `hsb' substituted by `rgb' on input line 1352.
Package xcolor Info: Model `RGB' extended on input line 1364.
Package xcolor Info: Model `HTML' substituted by `rgb' on input line 1366.
Package xcolor Info: Model `Hsb' substituted by `hsb' on input line 1367.
Package xcolor Info: Model `tHsb' substituted by `hsb' on input line 1368.
Package xcolor Info: Model `HSB' substituted by `hsb' on input line 1369.
Package xcolor Info: Model `Gray' substituted by `gray' on input line 1370.
Package xcolor Info: Model `wave' substituted by `hsb' on input line 1371.
)
(/usr/share/texlive/texmf-dist/tex/latex/float/float.sty
Package: float 2001/11/08 v1.3d Float enhancements (AL)
\c@float@type=\count99
\float@exts=\toks17
\float@box=\box29
\@float@everytoks=\toks18
\@floatcapt=\box30
)
(/usr/share/texlive/texmf-dist/tex/latex/fancyhdr/fancyhdr.sty
Package: fancyhdr 2019/01/31 v3.10 Extensive control of page headers and footer
s
\f@nch@headwidth=\skip43
\f@nch@O@elh=\skip44
\f@nch@O@erh=\skip45
\f@nch@O@olh=\skip46
\f@nch@O@orh=\skip47
\f@nch@O@elf=\skip48
\f@nch@O@erf=\skip49
\f@nch@O@olf=\skip50
\f@nch@O@orf=\skip51
)
(/usr/share/texlive/texmf-dist/tex/latex/base/inputenc.sty
Package: inputenc 2018/08/11 v1.3c Input encoding file
\inpenc@prehook=\toks19
\inpenc@posthook=\toks20
) (./main.aux)
\openout1 = `main.aux'.

LaTeX Font Info:    Checking defaults for OML/cmm/m/it on input line 34.
LaTeX Font Info:    ... okay on input line 34.
LaTeX Font Info:    Checking defaults for T1/cmr/m/n on input line 34.
LaTeX Font Info:    ... okay on input line 34.
LaTeX Font Info:    Checking defaults for OT1/cmr/m/n on input line 34.
LaTeX Font Info:    ... okay on input line 34.
LaTeX Font Info:    Checking defaults for OMS/cmsy/m/n on input line 34.
LaTeX Font Info:    ... okay on input line 34.
LaTeX Font Info:    Checking defaults for OMX/cmex/m/n on input line 34.
LaTeX Font Info:    ... okay on input line 34.
LaTeX Font Info:    Checking defaults for U/cmr/m/n on input line 34.
LaTeX Font Info:    ... okay on input line 34.

*geometry* driver: auto-detecting
*geometry* detected driver: pdftex
*geometry* verbose mode - [ preamble ] result:
* driver: pdftex
* paper: a4paper
* layout: <same size as paper>
* layoutoffset:(h,v)=(0.0pt,0.0pt)
* modes: 
* h-part:(L,W,R)=(81.94394pt, 433.62pt, 81.94394pt)
* v-part:(T,H,B)=(106.75473pt, 578.15999pt, 160.13213pt)
* \paperwidth=597.50787pt
* \paperheight=845.04684pt
* \textwidth=433.62pt
* \textheight=578.15999pt
* \oddsidemargin=9.67395pt
* \evensidemargin=9.67395pt
* \topmargin=-2.51526pt
* \headheight=12.0pt
* \headsep=25.0pt
* \topskip=10.0pt
* \footskip=30.0pt
* \marginparwidth=65.0pt
* \marginparsep=11.0pt
* \columnsep=10.0pt
* \skip\footins=9.0pt plus 4.0pt minus 2.0pt
* \hoffset=0.0pt
* \voffset=0.0pt
* \mag=1000
* \@twocolumnfalse
* \@twosidefalse
* \@mparswitchfalse
* \@reversemarginfalse
* (1in=72.27pt=25.4mm, 1cm=28.453pt)

(/usr/share/texlive/texmf-dist/tex/context/base/mkii/supp-pdf.mkii
[Loading MPS to PDF converter (version 2006.09.02).]
\scratchcounter=\count100
\scratchdimen=\dimen117
\scratchbox=\box31
\nofMPsegments=\count101
\nofMParguments=\count102
\everyMPshowfont=\toks21
\MPscratchCnt=\count103
\MPscratchDim=\dimen118
\MPnumerator=\count104
\makeMPintoPDFobject=\count105
\everyMPtoPDFconversion=\toks22
) (/usr/share/texlive/texmf-dist/tex/latex/oberdiek/epstopdf-base.sty
Package: epstopdf-base 2016/05/15 v2.6 Base part for package epstopdf

(/usr/share/texlive/texmf-dist/tex/generic/oberdiek/infwarerr.sty
Package: infwarerr 2016/05/16 v1.4 Providing info/warning/error messages (HO)
)
(/usr/share/texlive/texmf-dist/tex/latex/oberdiek/grfext.sty
Package: grfext 2016/05/16 v1.2 Manage graphics extensions (HO)

(/usr/share/texlive/texmf-dist/tex/generic/oberdiek/kvdefinekeys.sty
Package: kvdefinekeys 2016/05/16 v1.4 Define keys (HO)

(/usr/share/texlive/texmf-dist/tex/generic/oberdiek/ltxcmds.sty
Package: ltxcmds 2016/05/16 v1.23 LaTeX kernel commands for general use (HO)
)))
(/usr/share/texlive/texmf-dist/tex/latex/oberdiek/kvoptions.sty
Package: kvoptions 2016/05/16 v3.12 Key value format for package options (HO)

(/usr/share/texlive/texmf-dist/tex/generic/oberdiek/kvsetkeys.sty
Package: kvsetkeys 2016/05/16 v1.17 Key value parser (HO)

(/usr/share/texlive/texmf-dist/tex/generic/oberdiek/etexcmds.sty
Package: etexcmds 2016/05/16 v1.6 Avoid name clashes with e-TeX commands (HO)

(/usr/share/texlive/texmf-dist/tex/generic/oberdiek/ifluatex.sty
Package: ifluatex 2016/05/16 v1.4 Provides the ifluatex switch (HO)
Package ifluatex Info: LuaTeX not detected.
))))
(/usr/share/texlive/texmf-dist/tex/generic/oberdiek/pdftexcmds.sty
Package: pdftexcmds 2018/09/10 v0.29 Utility functions of pdfTeX for LuaTeX (HO
)
Package pdftexcmds Info: LuaTeX not detected.
Package pdftexcmds Info: \pdf@primitive is available.
Package pdftexcmds Info: \pdf@ifprimitive is available.
Package pdftexcmds Info: \pdfdraftmode found.
)
Package epstopdf-base Info: Redefining graphics rule for `.eps' on input line 4
38.
Package grfext Info: Graphics extension search list:
(grfext)             [.pdf,.png,.jpg,.mps,.jpeg,.jbig2,.jb2,.PDF,.PNG,.JPG,.JPE
G,.JBIG2,.JB2,.eps]
(grfext)             \AppendGraphicsExtensions on input line 456.

(/usr/share/texlive/texmf-dist/tex/latex/latexconfig/epstopdf-sys.cfg
File: epstopdf-sys.cfg 2010/07/13 v1.3 Configuration of (r)epstopdf for TeX Liv
e
))
\c@lstlisting=\count106
LaTeX Font Info:    External font `cmex10' loaded for size
(Font)              <12> on input line 37.
LaTeX Font Info:    External font `cmex10' loaded for size
(Font)              <8> on input line 37.
LaTeX Font Info:    External font `cmex10' loaded for size
(Font)              <6> on input line 37.

[1

{/usr/share/texlive/texmf-dist/fonts/map/pdftex/updmap/pdftex.map}]
(./main.toc
LaTeX Font Info:    External font `cmex10' loaded for size
(Font)              <7> on input line 7.
LaTeX Font Info:    External font `cmex10' loaded for size
(Font)              <5> on input line 7.
 [1] [2])
\tf@toc=\write3
\openout3 = `main.toc'.

 [3]
LaTeX Font Info:    Try loading font information for OMS+cmr on input line 55.

(/usr/share/texlive/texmf-dist/tex/latex/base/omscmr.fd
File: omscmr.fd 2014/09/29 v2.5h Standard LaTeX font definitions
)
LaTeX Font Info:    Font shape `OMS/cmr/m/n' in size <10> not available
(Font)              Font shape `OMS/cmsy/m/n' tried instead on input line 55.
 [4] [5]
<Images/forest.jpg, id=27, 973.6375pt x 662.475pt>
File: Images/forest.jpg Graphic file (type jpg)
<use Images/forest.jpg>
Package pdftex.def Info: Images/forest.jpg  used on input line 184.
(pdftex.def)             Requested size: 433.62pt x 295.038pt.
 [6] [7 <./Images/forest.jpg>]
<Images/evernote.jpg, id=35, 642.4pt x 401.5pt>
File: Images/evernote.jpg Graphic file (type jpg)
<use Images/evernote.jpg>
Package pdftex.def Info: Images/evernote.jpg  used on input line 202.
(pdftex.def)             Requested size: 433.62pt x 271.01918pt.
<Images/todoist.png, id=36, 1676.2625pt x 877.2775pt>
File: Images/todoist.png Graphic file (type png)
<use Images/todoist.png>
Package pdftex.def Info: Images/todoist.png  used on input line 213.
(pdftex.def)             Requested size: 433.62pt x 226.93556pt.


LaTeX Warning: `h' float specifier changed to `ht'.

<Images/remember-the-milk.png, id=38, 642.4pt x 401.5pt>
File: Images/remember-the-milk.png Graphic file (type png)
<use Images/remember-the-milk.png>
Package pdftex.def Info: Images/remember-the-milk.png  used on input line 228.
(pdftex.def)             Requested size: 433.62pt x 271.01918pt.

LaTeX Warning: `h' float specifier changed to `ht'.

[8 <./Images/evernote.jpg>]
<Images/ike.png, id=42, 2168.1pt x 1284.8pt>
File: Images/ike.png Graphic file (type png)
<use Images/ike.png>
Package pdftex.def Info: Images/ike.png  used on input line 241.
(pdftex.def)             Requested size: 433.62pt x 256.95544pt.


LaTeX Warning: `h' float specifier changed to `ht'.

<Images/keep.png, id=43, 1519.6775pt x 832.10875pt>
File: Images/keep.png Graphic file (type png)
<use Images/keep.png>
Package pdftex.def Info: Images/keep.png  used on input line 257.
(pdftex.def)             Requested size: 433.62pt x 237.43279pt.

LaTeX Warning: `h' float specifier changed to `ht'.

<Images/trello.jpg, id=44, 908.39375pt x 510.90875pt>
File: Images/trello.jpg Graphic file (type jpg)
<use Images/trello.jpg>
Package pdftex.def Info: Images/trello.jpg  used on input line 271.
(pdftex.def)             Requested size: 433.62pt x 243.88474pt.

LaTeX Warning: `h' float specifier changed to `ht'.

[9 <./Images/todoist.png>] [10 <./Images/remember-the-milk.png>] [11 <./Images/
ike.png (PNG copy)>]
Overfull \vbox (85.79549pt too high) has occurred while \output is active []


[12 <./Images/keep.png (PNG copy)>] [13 <./Images/trello.jpg>] [14] [15]
<Images/TDD.png, id=70, 1340.00626pt x 949.5475pt>
File: Images/TDD.png Graphic file (type png)
<use Images/TDD.png>
Package pdftex.def Info: Images/TDD.png  used on input line 588.
(pdftex.def)             Requested size: 433.62pt x 307.2663pt.

[16] [17] [18 <./Images/TDD.png>]
<Mockups/task_index.png, id=82, 1127.21124pt x 891.33pt>
File: Mockups/task_index.png Graphic file (type png)
<use Mockups/task_index.png>
Package pdftex.def Info: Mockups/task_index.png  used on input line 669.
(pdftex.def)             Requested size: 216.81pt x 171.43535pt.
 [19]
<Mockups/event_index.png, id=86, 796.9775pt x 1005.7575pt>
File: Mockups/event_index.png Graphic file (type png)
<use Mockups/event_index.png>
Package pdftex.def Info: Mockups/event_index.png  used on input line 689.
(pdftex.def)             Requested size: 195.12767pt x 246.23625pt.

Underfull \hbox (badness 1067) in paragraph at lines 699--701
[]\OT1/cmr/m/n/10 List split by one-off events and rou-tine
 []

<Mockups/schedule.png, id=87, 1127.21124pt x 796.9775pt>
File: Mockups/schedule.png Graphic file (type png)
<use Mockups/schedule.png>
Package pdftex.def Info: Mockups/schedule.png  used on input line 709.
(pdftex.def)             Requested size: 216.81pt x 153.2879pt.
[20 <./Mockups/task_index.png> <./Mockups/event_index.png>]
<Mockups/task_detail.png, id=93, 743.77875pt x 796.9775pt>
File: Mockups/task_detail.png Graphic file (type png)
<use Mockups/task_detail.png>
Package pdftex.def Info: Mockups/task_detail.png  used on input line 727.
(pdftex.def)             Requested size: 216.81pt x 232.30931pt.
<Mockups/event_detail.png, id=94, 743.77875pt x 716.6775pt>
File: Mockups/event_detail.png Graphic file (type png)
<use Mockups/event_detail.png>
Package pdftex.def Info: Mockups/event_detail.png  used on input line 747.
(pdftex.def)             Requested size: 216.81pt x 208.90285pt.
 [21 <./Mockups/schedule.png> <./Mockups/task_detail.png>]
<Mockups/study_space.png, id=100, 796.9775pt x 629.35126pt>
File: Mockups/study_space.png Graphic file (type png)
<use Mockups/study_space.png>
Package pdftex.def Info: Mockups/study_space.png  used on input line 765.
(pdftex.def)             Requested size: 216.81pt x 171.20432pt.
<Mockups/statistics.png, id=101, 796.9775pt x 716.6775pt>
File: Mockups/statistics.png Graphic file (type png)
<use Mockups/statistics.png>
Package pdftex.def Info: Mockups/statistics.png  used on input line 785.
(pdftex.def)             Requested size: 216.81pt x 194.95995pt.
 [22 <./Mockups/event_detail.png> <./Mockups/study_space.png>]
LaTeX Font Info:    Try loading font information for OML+cmr on input line 837.

 (/usr/share/texlive/texmf-dist/tex/latex/base/omlcmr.fd
File: omlcmr.fd 2014/09/29 v2.5h Standard LaTeX font definitions
)
LaTeX Font Info:    Font shape `OML/cmr/m/n' in size <9> not available
(Font)              Font shape `OML/cmm/m/it' tried instead on input line 837.
LaTeX Font Info:    External font `cmex10' loaded for size
(Font)              <9> on input line 837.

[23 <./Mockups/statistics.png>] [24] [25]
LaTeX Font Info:    Font shape `OMS/cmr/m/n' in size <9> not available
(Font)              Font shape `OMS/cmsy/m/n' tried instead on input line 963.
 [26]
<Screenshots/mytime_modular_design.png, id=124, 1165.35374pt x 721.69624pt>
File: Screenshots/mytime_modular_design.png Graphic file (type png)
<use Screenshots/mytime_modular_design.png>
Package pdftex.def Info: Screenshots/mytime_modular_design.png  used on input l
ine 1027.
(pdftex.def)             Requested size: 433.62pt x 268.5321pt.
 [27] [28 <./Screenshots/mytime_modular_design.png>]
(/usr/share/texlive/texmf-dist/tex/latex/listings/lstlang1.sty
File: lstlang1.sty 2019/02/27 1.8b listings language file
)
<Images/question_table.png, id=132, 467.7475pt x 121.45375pt>
File: Images/question_table.png Graphic file (type png)
<use Images/question_table.png>
Package pdftex.def Info: Images/question_table.png  used on input line 1111.
(pdftex.def)             Requested size: 433.62pt x 112.59868pt.


LaTeX Warning: `h' float specifier changed to `ht'.

[29] (/usr/share/texlive/texmf-dist/tex/latex/listings/lstlang1.sty
File: lstlang1.sty 2019/02/27 1.8b listings language file
)
(/usr/share/texlive/texmf-dist/tex/latex/listings/lstmisc.sty
File: lstmisc.sty 2019/02/27 1.8b (Carsten Heinz)
) [30 <./Images/question_table.png>] [31] [32] [33] [34] [35]
<Screenshots/task_index.png, id=157, 309.155pt x 427.5975pt>
File: Screenshots/task_index.png Graphic file (type png)
<use Screenshots/task_index.png>
Package pdftex.def Info: Screenshots/task_index.png  used on input line 1477.
(pdftex.def)             Requested size: 216.81pt x 299.88385pt.
 [36] [37 <./Screenshots/task_index.png>]
<Screenshots/task_detail.png, id=166, 465.74pt x 388.45125pt>
File: Screenshots/task_detail.png Graphic file (type png)
<use Screenshots/task_detail.png>
Package pdftex.def Info: Screenshots/task_detail.png  used on input line 1519.
(pdftex.def)             Requested size: 260.17464pt x 217.00368pt.
 [38 <./Screenshots/task_detail.png>]
<Screenshots/task_form.png, id=171, 330.23375pt x 507.8975pt>
File: Screenshots/task_form.png Graphic file (type png)
<use Screenshots/task_form.png>
Package pdftex.def Info: Screenshots/task_form.png  used on input line 1591.
(pdftex.def)             Requested size: 216.81pt x 333.46191pt.
 [39] [40 <./Screenshots/task_form.png>] [41] [42] [43] [44] [45] [46] [47] [48
] [49] [50] [51] [52] [53]
<Screenshots/example_schedule.png, id=221, 481.8pt x 215.80624pt>
File: Screenshots/example_schedule.png Graphic file (type png)
<use Screenshots/example_schedule.png>
Package pdftex.def Info: Screenshots/example_schedule.png  used on input line 2
347.
(pdftex.def)             Requested size: 346.89731pt x 155.38367pt.
 [54 <./Screenshots/example_schedule.png>] [55] [56] [57] [58] [59]
<Screenshots/task_detail_with_time.png, id=242, 578.16pt x 428.60126pt>
File: Screenshots/task_detail_with_time.png Graphic file (type png)
<use Screenshots/task_detail_with_time.png>
Package pdftex.def Info: Screenshots/task_detail_with_time.png  used on input l
ine 2648.
(pdftex.def)             Requested size: 433.62pt x 321.45015pt.
 [60 <./Screenshots/task_detail_with_time.png>] [61] [62]
<Screenshots/statistics.png, id=254, 975.645pt x 614.295pt>
File: Screenshots/statistics.png Graphic file (type png)
<use Screenshots/statistics.png>
Package pdftex.def Info: Screenshots/statistics.png  used on input line 2767.
(pdftex.def)             Requested size: 433.62pt x 273.01828pt.
 [63 <./Screenshots/statistics.png>] [64]
[65] [66] [67] [68] [69] [70] [71] [72] [73] [74] [75] [76] [77]
<Screenshots/task_index_usability.png, id=303, 748.7975pt x 465.74pt>
File: Screenshots/task_index_usability.png Graphic file (type png)
<use Screenshots/task_index_usability.png>
Package pdftex.def Info: Screenshots/task_index_usability.png  used on input li
ne 3515.
(pdftex.def)             Requested size: 433.62pt x 269.70299pt.
 [78] [79 <./Screenshots/task_index_usability.png>] [80] (./main.aux) ) 
Here is how much of TeX's memory you used:
 5031 strings out of 494553
 69205 string characters out of 6177319
 472823 words of memory out of 5000000
 8623 multiletter control sequences out of 15000+600000
 9628 words of font info for 34 fonts, out of 8000000 for 9000
 14 hyphenation exceptions out of 8191
 41i,13n,51p,271b,1775s stack positions out of 5000i,500n,10000p,200000b,80000s
</usr/sh
are/texlive/texmf-dist/fonts/type1/public/amsfonts/cm/cmbx10.pfb></usr/share/te
xlive/texmf-dist/fonts/type1/public/amsfonts/cm/cmbx12.pfb></usr/share/texlive/
texmf-dist/fonts/type1/public/amsfonts/cm/cmmi9.pfb></usr/share/texlive/texmf-d
ist/fonts/type1/public/amsfonts/cm/cmr10.pfb></usr/share/texlive/texmf-dist/fon
ts/type1/public/amsfonts/cm/cmr12.pfb></usr/share/texlive/texmf-dist/fonts/type
1/public/amsfonts/cm/cmr17.pfb></usr/share/texlive/texmf-dist/fonts/type1/publi
c/amsfonts/cm/cmr9.pfb></usr/share/texlive/texmf-dist/fonts/type1/public/amsfon
ts/cm/cmsy10.pfb></usr/share/texlive/texmf-dist/fonts/type1/public/amsfonts/cm/
cmsy9.pfb></usr/share/texlive/texmf-dist/fonts/type1/public/amsfonts/cm/cmti10.
pfb></usr/share/texlive/texmf-dist/fonts/type1/public/amsfonts/cm/cmtt10.pfb>
Output written on main.pdf (81 pages, 2718245 bytes).
PDF statistics:
 355 PDF objects out of 1000 (max. 8388607)
 215 compressed objects within 3 object streams
 0 named destinations out of 1000 (max. 500000)
 121 words of extra memory for PDF output out of 10000 (max. 10000000)

